<?xml version="1.0" encoding="UTF-8"?>
<!-- Generated by org.testng.reporters.JUnitXMLReporter -->
<testsuite hostname="P190493L" ignored="1" name="Default test" tests="2" failures="0" timestamp="2020-06-05T15:55:13 CDT" time="38.235" errors="0">
  <testcase name="testcase2_oneWaytrip" time="15.599" classname="com.mer.MainClassTestNG"/>
  <testcase name="testcase3_Contacts" time="10.535" classname="com.mer.MainClassTestNG"/>
  <testcase name="testcase1_Roundtrip" time="0.0" classname="com.mer.MainClassTestNG">
    <ignored/>
  </testcase> <!-- testcase1_Roundtrip -->
</testsuite> <!-- Default test -->
