<?xml version="1.0" encoding="UTF-8"?>
<!-- Generated by org.testng.reporters.JUnitXMLReporter -->
<testsuite hostname="P190493L" ignored="0" name="Mercury Testone" tests="3" failures="0" timestamp="2020-09-11T10:50:58 CDT" time="69.967" errors="0">
  <testcase name="testcase1_LoginLinks" time="5.848" classname="com.mer.MainClassTestNG"/>
  <testcase name="testcase2_DentalQuote" time="23.117" classname="com.mer.MainClassTestNG"/>
  <testcase name="testcase3_Contacts" time="11.734" classname="com.mer.MainClassTestNG"/>
</testsuite> <!-- Mercury Testone -->
